                                      1 ;--------------------------------------------------------
                                      2 ; File Created by SDCC : free open source ANSI-C Compiler
                                      3 ; Version 3.6.0 #9615 (MINGW64)
                                      4 ;--------------------------------------------------------
                                      5 	.module main
                                      6 	.optsdcc -mstm8
                                      7 	
                                      8 ;--------------------------------------------------------
                                      9 ; Public variables in this module
                                     10 ;--------------------------------------------------------
                                     11 	.globl _main
                                     12 	.globl _TIM4_UPD_OVF_IRQHandler
                                     13 	.globl _delay
                                     14 	.globl _TIMER_CheckTimeMS
                                     15 	.globl _TIMER_InitTime
                                     16 	.globl _TIMER_Inc
                                     17 	.globl _TIMER_Init
                                     18 	.globl _send7Seg
                                     19 	.globl _setIntensity
                                     20 	.globl _Init
                                     21 	.globl _max7Seg
                                     22 	.globl _TIM4_ClearITPendingBit
                                     23 	.globl _IWDG_Enable
                                     24 	.globl _IWDG_ReloadCounter
                                     25 	.globl _IWDG_SetReload
                                     26 	.globl _IWDG_SetPrescaler
                                     27 	.globl _IWDG_WriteAccessCmd
                                     28 	.globl _CLK_Config
                                     29 	.globl _tick
                                     30 	.globl _IWDG_Config
                                     31 ;--------------------------------------------------------
                                     32 ; ram data
                                     33 ;--------------------------------------------------------
                                     34 	.area DATA
      000000                         35 _tick::
      000000                         36 	.ds 6
                                     37 ;--------------------------------------------------------
                                     38 ; ram data
                                     39 ;--------------------------------------------------------
                                     40 	.area INITIALIZED
                                     41 ;--------------------------------------------------------
                                     42 ; Stack segment in internal ram 
                                     43 ;--------------------------------------------------------
                                     44 	.area	SSEG
      000000                         45 __start__stack:
      000000                         46 	.ds	1
                                     47 
                                     48 ;--------------------------------------------------------
                                     49 ; absolute external ram data
                                     50 ;--------------------------------------------------------
                                     51 	.area DABS (ABS)
                                     52 ;--------------------------------------------------------
                                     53 ; interrupt vector 
                                     54 ;--------------------------------------------------------
                                     55 	.area HOME
      000000                         56 __interrupt_vect:
      000000 82v00u00u00             57 	int s_GSINIT ;reset
      000004 82 00 00 00             58 	int 0x0000 ;trap
      000008 82 00 00 00             59 	int 0x0000 ;int0
      00000C 82 00 00 00             60 	int 0x0000 ;int1
      000010 82 00 00 00             61 	int 0x0000 ;int2
      000014 82 00 00 00             62 	int 0x0000 ;int3
      000018 82 00 00 00             63 	int 0x0000 ;int4
      00001C 82 00 00 00             64 	int 0x0000 ;int5
      000020 82 00 00 00             65 	int 0x0000 ;int6
      000024 82 00 00 00             66 	int 0x0000 ;int7
      000028 82 00 00 00             67 	int 0x0000 ;int8
      00002C 82 00 00 00             68 	int 0x0000 ;int9
      000030 82 00 00 00             69 	int 0x0000 ;int10
      000034 82 00 00 00             70 	int 0x0000 ;int11
      000038 82 00 00 00             71 	int 0x0000 ;int12
      00003C 82 00 00 00             72 	int 0x0000 ;int13
      000040 82 00 00 00             73 	int 0x0000 ;int14
      000044 82 00 00 00             74 	int 0x0000 ;int15
      000048 82 00 00 00             75 	int 0x0000 ;int16
      00004C 82 00 00 00             76 	int 0x0000 ;int17
      000050 82 00 00 00             77 	int 0x0000 ;int18
      000054 82 00 00 00             78 	int 0x0000 ;int19
      000058 82 00 00 00             79 	int 0x0000 ;int20
      00005C 82 00 00 00             80 	int 0x0000 ;int21
      000060 82 00 00 00             81 	int 0x0000 ;int22
      000064 82v00u00u0C             82 	int _TIM4_UPD_OVF_IRQHandler ;int23
      000068 82 00 00 00             83 	int 0x0000 ;int24
      00006C 82 00 00 00             84 	int 0x0000 ;int25
      000070 82 00 00 00             85 	int 0x0000 ;int26
      000074 82 00 00 00             86 	int 0x0000 ;int27
      000078 82 00 00 00             87 	int 0x0000 ;int28
      00007C 82 00 00 00             88 	int 0x0000 ;int29
                                     89 ;--------------------------------------------------------
                                     90 ; global & static initialisations
                                     91 ;--------------------------------------------------------
                                     92 	.area HOME
                                     93 	.area GSINIT
                                     94 	.area GSFINAL
                                     95 	.area GSINIT
      000000                         96 __sdcc_gs_init_startup:
      000000                         97 __sdcc_init_data:
                                     98 ; stm8_genXINIT() start
      000000 AEr00r00         [ 2]   99 	ldw x, #l_DATA
      000003 27 07            [ 1]  100 	jreq	00002$
      000005                        101 00001$:
      000005 72 4FuFFuFF      [ 1]  102 	clr (s_DATA - 1, x)
      000009 5A               [ 2]  103 	decw x
      00000A 26 F9            [ 1]  104 	jrne	00001$
      00000C                        105 00002$:
      00000C AEr00r00         [ 2]  106 	ldw	x, #l_INITIALIZER
      00000F 27 09            [ 1]  107 	jreq	00004$
      000011                        108 00003$:
      000011 D6uFFuFF         [ 1]  109 	ld	a, (s_INITIALIZER - 1, x)
      000014 D7uFFuFF         [ 1]  110 	ld	(s_INITIALIZED - 1, x), a
      000017 5A               [ 2]  111 	decw	x
      000018 26 F7            [ 1]  112 	jrne	00003$
      00001A                        113 00004$:
                                    114 ; stm8_genXINIT() end
                                    115 	.area GSFINAL
      000000 CCr00r80         [ 2]  116 	jp	__sdcc_program_startup
                                    117 ;--------------------------------------------------------
                                    118 ; Home
                                    119 ;--------------------------------------------------------
                                    120 	.area HOME
                                    121 	.area HOME
      000080                        122 __sdcc_program_startup:
      000080 CCr00r32         [ 2]  123 	jp	_main
                                    124 ;	return from main will return to caller
                                    125 ;--------------------------------------------------------
                                    126 ; code
                                    127 ;--------------------------------------------------------
                                    128 	.area CODE
                                    129 ;	user/main.c: 27: void delay(uint16_t x)
                                    130 ;	-----------------------------------------
                                    131 ;	 function delay
                                    132 ;	-----------------------------------------
      000000                        133 _delay:
      000000 89               [ 2]  134 	pushw	x
                                    135 ;	user/main.c: 29: while(x--);
      000001 1E 05            [ 2]  136 	ldw	x, (0x05, sp)
      000003                        137 00101$:
      000003 1F 01            [ 2]  138 	ldw	(0x01, sp), x
      000005 5A               [ 2]  139 	decw	x
      000006 16 01            [ 2]  140 	ldw	y, (0x01, sp)
      000008 26 F9            [ 1]  141 	jrne	00101$
      00000A 85               [ 2]  142 	popw	x
      00000B 81               [ 4]  143 	ret
                                    144 ;	user/main.c: 32: INTERRUPT_HANDLER(TIM4_UPD_OVF_IRQHandler, 23)
                                    145 ;	-----------------------------------------
                                    146 ;	 function TIM4_UPD_OVF_IRQHandler
                                    147 ;	-----------------------------------------
      00000C                        148 _TIM4_UPD_OVF_IRQHandler:
      00000C 62               [ 2]  149 	div	x, a
                                    150 ;	user/main.c: 34: TIM4_ClearITPendingBit(TIM4_IT_UPDATE);
      00000D 4B 01            [ 1]  151 	push	#0x01
      00000F CDr00r00         [ 4]  152 	call	_TIM4_ClearITPendingBit
      000012 84               [ 1]  153 	pop	a
                                    154 ;	user/main.c: 35: TIMER_Inc();
      000013 CDr00r00         [ 4]  155 	call	_TIMER_Inc
                                    156 ;	user/main.c: 36: IWDG_ReloadCounter();
      000016 CDr00r00         [ 4]  157 	call	_IWDG_ReloadCounter
      000019 80               [11]  158 	iret
                                    159 ;	user/main.c: 39: void IWDG_Config(void)
                                    160 ;	-----------------------------------------
                                    161 ;	 function IWDG_Config
                                    162 ;	-----------------------------------------
      00001A                        163 _IWDG_Config:
                                    164 ;	user/main.c: 43: IWDG_WriteAccessCmd(IWDG_WriteAccess_Enable);
      00001A 4B 55            [ 1]  165 	push	#0x55
      00001C CDr00r00         [ 4]  166 	call	_IWDG_WriteAccessCmd
      00001F 84               [ 1]  167 	pop	a
                                    168 ;	user/main.c: 45: IWDG_SetPrescaler(IWDG_Prescaler_256);
      000020 4B 06            [ 1]  169 	push	#0x06
      000022 CDr00r00         [ 4]  170 	call	_IWDG_SetPrescaler
      000025 84               [ 1]  171 	pop	a
                                    172 ;	user/main.c: 49: IWDG_SetReload(250);
      000026 4B FA            [ 1]  173 	push	#0xfa
      000028 CDr00r00         [ 4]  174 	call	_IWDG_SetReload
      00002B 84               [ 1]  175 	pop	a
                                    176 ;	user/main.c: 51: IWDG_ReloadCounter();
      00002C CDr00r00         [ 4]  177 	call	_IWDG_ReloadCounter
                                    178 ;	user/main.c: 53: IWDG_Enable();
      00002F CCr00r00         [ 2]  179 	jp	_IWDG_Enable
                                    180 ;	user/main.c: 56: void main() 
                                    181 ;	-----------------------------------------
                                    182 ;	 function main
                                    183 ;	-----------------------------------------
      000032                        184 _main:
      000032 52 05            [ 2]  185 	sub	sp, #5
                                    186 ;	user/main.c: 58: uint8_t hh = 0, mm = 0, ss = 0;
      000034 0F 02            [ 1]  187 	clr	(0x02, sp)
      000036 0F 03            [ 1]  188 	clr	(0x03, sp)
      000038 0F 01            [ 1]  189 	clr	(0x01, sp)
                                    190 ;	user/main.c: 59: CLK_Config();
      00003A CDr00r00         [ 4]  191 	call	_CLK_Config
                                    192 ;	user/main.c: 62: max7Seg(GPIOC, GPIO_PIN_6, GPIO_PIN_4, GPIO_PIN_5, 8);
      00003D 4B 08            [ 1]  193 	push	#0x08
      00003F 4B 20            [ 1]  194 	push	#0x20
      000041 4B 10            [ 1]  195 	push	#0x10
      000043 4B 40            [ 1]  196 	push	#0x40
      000045 4B 0A            [ 1]  197 	push	#0x0a
      000047 4B 50            [ 1]  198 	push	#0x50
      000049 CDr00r00         [ 4]  199 	call	_max7Seg
      00004C 5B 06            [ 2]  200 	addw	sp, #6
                                    201 ;	user/main.c: 63: Init();
      00004E CDr00r00         [ 4]  202 	call	_Init
                                    203 ;	user/main.c: 64: TIMER_Init();
      000051 CDr00r00         [ 4]  204 	call	_TIMER_Init
                                    205 ;	user/main.c: 65: IWDG_Config();
      000054 CDr00r1A         [ 4]  206 	call	_IWDG_Config
                                    207 ;	user/main.c: 66: enableInterrupts();
      000057 9A               [ 1]  208 	rim
                                    209 ;	user/main.c: 67: setIntensity(0x03);
      000058 4B 03            [ 1]  210 	push	#0x03
      00005A CDr00r00         [ 4]  211 	call	_setIntensity
      00005D 84               [ 1]  212 	pop	a
                                    213 ;	user/main.c: 68: TIMER_InitTime(&tick);
      00005E AEr00r00         [ 2]  214 	ldw	x, #_tick+0
      000061 1F 04            [ 2]  215 	ldw	(0x04, sp), x
      000063 1E 04            [ 2]  216 	ldw	x, (0x04, sp)
      000065 89               [ 2]  217 	pushw	x
      000066 CDr00r00         [ 4]  218 	call	_TIMER_InitTime
      000069 85               [ 2]  219 	popw	x
                                    220 ;	user/main.c: 70: send7Seg(DIG7, 0);
      00006A 4B 00            [ 1]  221 	push	#0x00
      00006C 4B 08            [ 1]  222 	push	#0x08
      00006E CDr00r00         [ 4]  223 	call	_send7Seg
      000071 85               [ 2]  224 	popw	x
                                    225 ;	user/main.c: 71: send7Seg(DIG6, 0);
      000072 4B 00            [ 1]  226 	push	#0x00
      000074 4B 07            [ 1]  227 	push	#0x07
      000076 CDr00r00         [ 4]  228 	call	_send7Seg
      000079 85               [ 2]  229 	popw	x
                                    230 ;	user/main.c: 72: send7Seg(DIG5, 10);
      00007A 4B 0A            [ 1]  231 	push	#0x0a
      00007C 4B 06            [ 1]  232 	push	#0x06
      00007E CDr00r00         [ 4]  233 	call	_send7Seg
      000081 85               [ 2]  234 	popw	x
                                    235 ;	user/main.c: 73: send7Seg(DIG4, 0);
      000082 4B 00            [ 1]  236 	push	#0x00
      000084 4B 05            [ 1]  237 	push	#0x05
      000086 CDr00r00         [ 4]  238 	call	_send7Seg
      000089 85               [ 2]  239 	popw	x
                                    240 ;	user/main.c: 74: send7Seg(DIG3, 0);
      00008A 4B 00            [ 1]  241 	push	#0x00
      00008C 4B 04            [ 1]  242 	push	#0x04
      00008E CDr00r00         [ 4]  243 	call	_send7Seg
      000091 85               [ 2]  244 	popw	x
                                    245 ;	user/main.c: 75: send7Seg(DIG2, 10);
      000092 4B 0A            [ 1]  246 	push	#0x0a
      000094 4B 03            [ 1]  247 	push	#0x03
      000096 CDr00r00         [ 4]  248 	call	_send7Seg
      000099 85               [ 2]  249 	popw	x
                                    250 ;	user/main.c: 76: send7Seg(DIG1, 0);
      00009A 4B 00            [ 1]  251 	push	#0x00
      00009C 4B 02            [ 1]  252 	push	#0x02
      00009E CDr00r00         [ 4]  253 	call	_send7Seg
      0000A1 85               [ 2]  254 	popw	x
                                    255 ;	user/main.c: 77: send7Seg(DIG0, 0);
      0000A2 4B 00            [ 1]  256 	push	#0x00
      0000A4 4B 01            [ 1]  257 	push	#0x01
      0000A6 CDr00r00         [ 4]  258 	call	_send7Seg
      0000A9 85               [ 2]  259 	popw	x
                                    260 ;	user/main.c: 78: while(TRUE) 
      0000AA                        261 00110$:
                                    262 ;	user/main.c: 80: if(TIMER_CheckTimeMS(&tick, 1000) == 0)
      0000AA 16 04            [ 2]  263 	ldw	y, (0x04, sp)
      0000AC 4B E8            [ 1]  264 	push	#0xe8
      0000AE 4B 03            [ 1]  265 	push	#0x03
      0000B0 5F               [ 1]  266 	clrw	x
      0000B1 89               [ 2]  267 	pushw	x
      0000B2 90 89            [ 2]  268 	pushw	y
      0000B4 CDr00r00         [ 4]  269 	call	_TIMER_CheckTimeMS
      0000B7 5B 06            [ 2]  270 	addw	sp, #6
      0000B9 4D               [ 1]  271 	tnz	a
      0000BA 26 EE            [ 1]  272 	jrne	00110$
                                    273 ;	user/main.c: 82: if(++ss >=60)
      0000BC 0C 01            [ 1]  274 	inc	(0x01, sp)
      0000BE 7B 01            [ 1]  275 	ld	a, (0x01, sp)
      0000C0 A1 3C            [ 1]  276 	cp	a, #0x3c
      0000C2 25 16            [ 1]  277 	jrc	00106$
                                    278 ;	user/main.c: 84: ss=0;
      0000C4 0F 01            [ 1]  279 	clr	(0x01, sp)
                                    280 ;	user/main.c: 85: if(++mm >=60)
      0000C6 0C 03            [ 1]  281 	inc	(0x03, sp)
      0000C8 7B 03            [ 1]  282 	ld	a, (0x03, sp)
      0000CA A1 3C            [ 1]  283 	cp	a, #0x3c
      0000CC 25 0C            [ 1]  284 	jrc	00106$
                                    285 ;	user/main.c: 87: mm=0;
      0000CE 0F 03            [ 1]  286 	clr	(0x03, sp)
                                    287 ;	user/main.c: 88: if(++hh >= 24)
      0000D0 0C 02            [ 1]  288 	inc	(0x02, sp)
      0000D2 7B 02            [ 1]  289 	ld	a, (0x02, sp)
      0000D4 A1 18            [ 1]  290 	cp	a, #0x18
      0000D6 25 02            [ 1]  291 	jrc	00106$
                                    292 ;	user/main.c: 89: hh = 0;
      0000D8 0F 02            [ 1]  293 	clr	(0x02, sp)
      0000DA                        294 00106$:
                                    295 ;	user/main.c: 92: send7Seg(DIG0, ss%10);
      0000DA 5F               [ 1]  296 	clrw	x
      0000DB 7B 01            [ 1]  297 	ld	a, (0x01, sp)
      0000DD 97               [ 1]  298 	ld	xl, a
      0000DE A6 0A            [ 1]  299 	ld	a, #0x0a
      0000E0 62               [ 2]  300 	div	x, a
      0000E1 88               [ 1]  301 	push	a
      0000E2 4B 01            [ 1]  302 	push	#0x01
      0000E4 CDr00r00         [ 4]  303 	call	_send7Seg
      0000E7 85               [ 2]  304 	popw	x
                                    305 ;	user/main.c: 93: send7Seg(DIG1, ss/10);
      0000E8 5F               [ 1]  306 	clrw	x
      0000E9 7B 01            [ 1]  307 	ld	a, (0x01, sp)
      0000EB 97               [ 1]  308 	ld	xl, a
      0000EC A6 0A            [ 1]  309 	ld	a, #0x0a
      0000EE 62               [ 2]  310 	div	x, a
      0000EF 9F               [ 1]  311 	ld	a, xl
      0000F0 88               [ 1]  312 	push	a
      0000F1 4B 02            [ 1]  313 	push	#0x02
      0000F3 CDr00r00         [ 4]  314 	call	_send7Seg
      0000F6 85               [ 2]  315 	popw	x
                                    316 ;	user/main.c: 94: send7Seg(DIG3, mm%10);
      0000F7 5F               [ 1]  317 	clrw	x
      0000F8 7B 03            [ 1]  318 	ld	a, (0x03, sp)
      0000FA 97               [ 1]  319 	ld	xl, a
      0000FB A6 0A            [ 1]  320 	ld	a, #0x0a
      0000FD 62               [ 2]  321 	div	x, a
      0000FE 88               [ 1]  322 	push	a
      0000FF 4B 04            [ 1]  323 	push	#0x04
      000101 CDr00r00         [ 4]  324 	call	_send7Seg
      000104 85               [ 2]  325 	popw	x
                                    326 ;	user/main.c: 95: send7Seg(DIG4, mm/10);
      000105 5F               [ 1]  327 	clrw	x
      000106 7B 03            [ 1]  328 	ld	a, (0x03, sp)
      000108 97               [ 1]  329 	ld	xl, a
      000109 A6 0A            [ 1]  330 	ld	a, #0x0a
      00010B 62               [ 2]  331 	div	x, a
      00010C 9F               [ 1]  332 	ld	a, xl
      00010D 88               [ 1]  333 	push	a
      00010E 4B 05            [ 1]  334 	push	#0x05
      000110 CDr00r00         [ 4]  335 	call	_send7Seg
      000113 85               [ 2]  336 	popw	x
                                    337 ;	user/main.c: 96: send7Seg(DIG6, hh%10);
      000114 5F               [ 1]  338 	clrw	x
      000115 7B 02            [ 1]  339 	ld	a, (0x02, sp)
      000117 97               [ 1]  340 	ld	xl, a
      000118 A6 0A            [ 1]  341 	ld	a, #0x0a
      00011A 62               [ 2]  342 	div	x, a
      00011B 88               [ 1]  343 	push	a
      00011C 4B 07            [ 1]  344 	push	#0x07
      00011E CDr00r00         [ 4]  345 	call	_send7Seg
      000121 85               [ 2]  346 	popw	x
                                    347 ;	user/main.c: 97: send7Seg(DIG7, hh/10);
      000122 5F               [ 1]  348 	clrw	x
      000123 7B 02            [ 1]  349 	ld	a, (0x02, sp)
      000125 97               [ 1]  350 	ld	xl, a
      000126 A6 0A            [ 1]  351 	ld	a, #0x0a
      000128 62               [ 2]  352 	div	x, a
      000129 9F               [ 1]  353 	ld	a, xl
      00012A 88               [ 1]  354 	push	a
      00012B 4B 08            [ 1]  355 	push	#0x08
      00012D CDr00r00         [ 4]  356 	call	_send7Seg
      000130 85               [ 2]  357 	popw	x
      000131 CCr00rAA         [ 2]  358 	jp	00110$
      000134 5B 05            [ 2]  359 	addw	sp, #5
      000136 81               [ 4]  360 	ret
                                    361 	.area CODE
                                    362 	.area INITIALIZER
                                    363 	.area CABS (ABS)
