                                      1 ;--------------------------------------------------------
                                      2 ; File Created by SDCC : free open source ANSI-C Compiler
                                      3 ; Version 3.6.0 #9615 (MINGW64)
                                      4 ;--------------------------------------------------------
                                      5 	.module max7219
                                      6 	.optsdcc -mstm8
                                      7 	
                                      8 ;--------------------------------------------------------
                                      9 ; Public variables in this module
                                     10 ;--------------------------------------------------------
                                     11 	.globl _memset
                                     12 	.globl _GPIO_WriteLow
                                     13 	.globl _GPIO_WriteHigh
                                     14 	.globl _GPIO_Init
                                     15 	.globl _max7seg
                                     16 	.globl _max7Seg
                                     17 	.globl _Max7219_Write_Byte
                                     18 	.globl _setCommand
                                     19 	.globl _Init
                                     20 	.globl _setIntensity
                                     21 	.globl _send7Seg
                                     22 ;--------------------------------------------------------
                                     23 ; ram data
                                     24 ;--------------------------------------------------------
                                     25 	.area DATA
      000000                         26 _max7seg::
      000000                         27 	.ds 14
                                     28 ;--------------------------------------------------------
                                     29 ; ram data
                                     30 ;--------------------------------------------------------
                                     31 	.area INITIALIZED
                                     32 ;--------------------------------------------------------
                                     33 ; absolute external ram data
                                     34 ;--------------------------------------------------------
                                     35 	.area DABS (ABS)
                                     36 ;--------------------------------------------------------
                                     37 ; global & static initialisations
                                     38 ;--------------------------------------------------------
                                     39 	.area HOME
                                     40 	.area GSINIT
                                     41 	.area GSFINAL
                                     42 	.area GSINIT
                                     43 ;--------------------------------------------------------
                                     44 ; Home
                                     45 ;--------------------------------------------------------
                                     46 	.area HOME
                                     47 	.area HOME
                                     48 ;--------------------------------------------------------
                                     49 ; code
                                     50 ;--------------------------------------------------------
                                     51 	.area CODE
                                     52 ;	user/max7219.c: 7: static void delay_ms(uint8_t x)
                                     53 ;	-----------------------------------------
                                     54 ;	 function delay_ms
                                     55 ;	-----------------------------------------
      000000                         56 _delay_ms:
      000000 88               [ 1]   57 	push	a
                                     58 ;	user/max7219.c: 9: while(x--);
      000001 7B 04            [ 1]   59 	ld	a, (0x04, sp)
      000003                         60 00101$:
      000003 6B 01            [ 1]   61 	ld	(0x01, sp), a
      000005 4A               [ 1]   62 	dec	a
      000006 0D 01            [ 1]   63 	tnz	(0x01, sp)
      000008 26 F9            [ 1]   64 	jrne	00101$
      00000A 84               [ 1]   65 	pop	a
      00000B 81               [ 4]   66 	ret
                                     67 ;	user/max7219.c: 12: void max7Seg(GPIO_TypeDef* port, uint8_t data, uint8_t cs, uint8_t clk, uint8_t numLed)
                                     68 ;	-----------------------------------------
                                     69 ;	 function max7Seg
                                     70 ;	-----------------------------------------
      00000C                         71 _max7Seg:
      00000C 89               [ 2]   72 	pushw	x
                                     73 ;	user/max7219.c: 14: max7seg.port = port;
      00000D AEr00r00         [ 2]   74 	ldw	x, #_max7seg+0
      000010 16 05            [ 2]   75 	ldw	y, (0x05, sp)
      000012 FF               [ 2]   76 	ldw	(x), y
                                     77 ;	user/max7219.c: 15: max7seg.data = data;
      000013 AEr00r00         [ 2]   78 	ldw	x, #_max7seg+0
      000016 1F 01            [ 2]   79 	ldw	(0x01, sp), x
      000018 1E 01            [ 2]   80 	ldw	x, (0x01, sp)
      00001A 5C               [ 2]   81 	incw	x
      00001B 5C               [ 2]   82 	incw	x
      00001C 7B 07            [ 1]   83 	ld	a, (0x07, sp)
      00001E F7               [ 1]   84 	ld	(x), a
                                     85 ;	user/max7219.c: 16: max7seg.cs = cs;
      00001F 1E 01            [ 2]   86 	ldw	x, (0x01, sp)
      000021 7B 08            [ 1]   87 	ld	a, (0x08, sp)
      000023 E7 03            [ 1]   88 	ld	(0x0003, x), a
                                     89 ;	user/max7219.c: 17: max7seg.clk = clk;
      000025 1E 01            [ 2]   90 	ldw	x, (0x01, sp)
      000027 7B 09            [ 1]   91 	ld	a, (0x09, sp)
      000029 E7 04            [ 1]   92 	ld	(0x0004, x), a
                                     93 ;	user/max7219.c: 18: max7seg.numLed =  numLed;
      00002B 1E 01            [ 2]   94 	ldw	x, (0x01, sp)
      00002D 7B 0A            [ 1]   95 	ld	a, (0x0a, sp)
      00002F E7 05            [ 1]   96 	ld	(0x0005, x), a
                                     97 ;	user/max7219.c: 19: memset(max7seg.buffer, 0x00, sizeof(max7seg.buffer));
      000031 1E 01            [ 2]   98 	ldw	x, (0x01, sp)
      000033 1C 00 06         [ 2]   99 	addw	x, #0x0006
      000036 4B 08            [ 1]  100 	push	#0x08
      000038 4B 00            [ 1]  101 	push	#0x00
      00003A 4B 00            [ 1]  102 	push	#0x00
      00003C 4B 00            [ 1]  103 	push	#0x00
      00003E 89               [ 2]  104 	pushw	x
      00003F CDr00r00         [ 4]  105 	call	_memset
      000042 5B 08            [ 2]  106 	addw	sp, #8
      000044 81               [ 4]  107 	ret
                                    108 ;	user/max7219.c: 22: void Max7219_Write_Byte(uint8_t dat)
                                    109 ;	-----------------------------------------
                                    110 ;	 function Max7219_Write_Byte
                                    111 ;	-----------------------------------------
      000045                        112 _Max7219_Write_Byte:
      000045 52 06            [ 2]  113 	sub	sp, #6
                                    114 ;	user/max7219.c: 26: dsent = dat;
      000047 7B 09            [ 1]  115 	ld	a, (0x09, sp)
      000049 6B 01            [ 1]  116 	ld	(0x01, sp), a
                                    117 ;	user/max7219.c: 27: for(cnt=0; cnt<8; cnt++)
      00004B AEr00r00         [ 2]  118 	ldw	x, #_max7seg+0
      00004E 1F 03            [ 2]  119 	ldw	(0x03, sp), x
      000050 1E 03            [ 2]  120 	ldw	x, (0x03, sp)
      000052 1C 00 04         [ 2]  121 	addw	x, #0x0004
      000055 1F 05            [ 2]  122 	ldw	(0x05, sp), x
      000057 0F 02            [ 1]  123 	clr	(0x02, sp)
      000059                        124 00105$:
                                    125 ;	user/max7219.c: 29: GPIO_WriteLow(max7seg.port, max7seg.clk);
      000059 1E 05            [ 2]  126 	ldw	x, (0x05, sp)
      00005B F6               [ 1]  127 	ld	a, (x)
      00005C 1E 03            [ 2]  128 	ldw	x, (0x03, sp)
      00005E FE               [ 2]  129 	ldw	x, (x)
      00005F 88               [ 1]  130 	push	a
      000060 89               [ 2]  131 	pushw	x
      000061 CDr00r00         [ 4]  132 	call	_GPIO_WriteLow
      000064 5B 03            [ 2]  133 	addw	sp, #3
      000066 1E 03            [ 2]  134 	ldw	x, (0x03, sp)
      000068 FE               [ 2]  135 	ldw	x, (x)
                                    136 ;	user/max7219.c: 31: GPIO_WriteHigh(max7seg.port, max7seg.data);
      000069 16 03            [ 2]  137 	ldw	y, (0x03, sp)
      00006B 90 E6 02         [ 1]  138 	ld	a, (0x2, y)
                                    139 ;	user/max7219.c: 30: if(dsent&0x80)
      00006E 0D 01            [ 1]  140 	tnz	(0x01, sp)
      000070 2A 09            [ 1]  141 	jrpl	00102$
                                    142 ;	user/max7219.c: 31: GPIO_WriteHigh(max7seg.port, max7seg.data);
      000072 88               [ 1]  143 	push	a
      000073 89               [ 2]  144 	pushw	x
      000074 CDr00r00         [ 4]  145 	call	_GPIO_WriteHigh
      000077 5B 03            [ 2]  146 	addw	sp, #3
      000079 20 07            [ 2]  147 	jra	00103$
      00007B                        148 00102$:
                                    149 ;	user/max7219.c: 33: GPIO_WriteLow(max7seg.port, max7seg.data);
      00007B 88               [ 1]  150 	push	a
      00007C 89               [ 2]  151 	pushw	x
      00007D CDr00r00         [ 4]  152 	call	_GPIO_WriteLow
      000080 5B 03            [ 2]  153 	addw	sp, #3
      000082                        154 00103$:
                                    155 ;	user/max7219.c: 34: GPIO_WriteHigh(max7seg.port, max7seg.clk);
      000082 1E 05            [ 2]  156 	ldw	x, (0x05, sp)
      000084 F6               [ 1]  157 	ld	a, (x)
      000085 1E 03            [ 2]  158 	ldw	x, (0x03, sp)
      000087 FE               [ 2]  159 	ldw	x, (x)
      000088 88               [ 1]  160 	push	a
      000089 89               [ 2]  161 	pushw	x
      00008A CDr00r00         [ 4]  162 	call	_GPIO_WriteHigh
      00008D 5B 03            [ 2]  163 	addw	sp, #3
                                    164 ;	user/max7219.c: 35: dsent <<= 1;
      00008F 08 01            [ 1]  165 	sll	(0x01, sp)
                                    166 ;	user/max7219.c: 27: for(cnt=0; cnt<8; cnt++)
      000091 0C 02            [ 1]  167 	inc	(0x02, sp)
      000093 7B 02            [ 1]  168 	ld	a, (0x02, sp)
      000095 A1 08            [ 1]  169 	cp	a, #0x08
      000097 25 C0            [ 1]  170 	jrc	00105$
      000099 5B 06            [ 2]  171 	addw	sp, #6
      00009B 81               [ 4]  172 	ret
                                    173 ;	user/max7219.c: 39: void setCommand(uint8_t command, uint8_t value)
                                    174 ;	-----------------------------------------
                                    175 ;	 function setCommand
                                    176 ;	-----------------------------------------
      00009C                        177 _setCommand:
      00009C 52 04            [ 2]  178 	sub	sp, #4
                                    179 ;	user/max7219.c: 42: GPIO_WriteLow(max7seg.port, max7seg.cs);
      00009E AEr00r00         [ 2]  180 	ldw	x, #_max7seg+0
      0000A1 1F 01            [ 2]  181 	ldw	(0x01, sp), x
      0000A3 1E 01            [ 2]  182 	ldw	x, (0x01, sp)
      0000A5 1C 00 03         [ 2]  183 	addw	x, #0x0003
      0000A8 1F 03            [ 2]  184 	ldw	(0x03, sp), x
      0000AA 1E 03            [ 2]  185 	ldw	x, (0x03, sp)
      0000AC F6               [ 1]  186 	ld	a, (x)
      0000AD 1E 01            [ 2]  187 	ldw	x, (0x01, sp)
      0000AF FE               [ 2]  188 	ldw	x, (x)
      0000B0 88               [ 1]  189 	push	a
      0000B1 89               [ 2]  190 	pushw	x
      0000B2 CDr00r00         [ 4]  191 	call	_GPIO_WriteLow
      0000B5 5B 03            [ 2]  192 	addw	sp, #3
                                    193 ;	user/max7219.c: 43: Max7219_Write_Byte(command);
      0000B7 7B 07            [ 1]  194 	ld	a, (0x07, sp)
      0000B9 88               [ 1]  195 	push	a
      0000BA CDr00r45         [ 4]  196 	call	_Max7219_Write_Byte
      0000BD 84               [ 1]  197 	pop	a
                                    198 ;	user/max7219.c: 44: Max7219_Write_Byte(value);
      0000BE 7B 08            [ 1]  199 	ld	a, (0x08, sp)
      0000C0 88               [ 1]  200 	push	a
      0000C1 CDr00r45         [ 4]  201 	call	_Max7219_Write_Byte
      0000C4 84               [ 1]  202 	pop	a
                                    203 ;	user/max7219.c: 45: GPIO_WriteLow(max7seg.port, max7seg.cs);
      0000C5 1E 03            [ 2]  204 	ldw	x, (0x03, sp)
      0000C7 F6               [ 1]  205 	ld	a, (x)
      0000C8 1E 01            [ 2]  206 	ldw	x, (0x01, sp)
      0000CA FE               [ 2]  207 	ldw	x, (x)
      0000CB 88               [ 1]  208 	push	a
      0000CC 89               [ 2]  209 	pushw	x
      0000CD CDr00r00         [ 4]  210 	call	_GPIO_WriteLow
      0000D0 5B 03            [ 2]  211 	addw	sp, #3
                                    212 ;	user/max7219.c: 46: GPIO_WriteHigh(max7seg.port, max7seg.cs);
      0000D2 1E 03            [ 2]  213 	ldw	x, (0x03, sp)
      0000D4 F6               [ 1]  214 	ld	a, (x)
      0000D5 1E 01            [ 2]  215 	ldw	x, (0x01, sp)
      0000D7 FE               [ 2]  216 	ldw	x, (x)
      0000D8 88               [ 1]  217 	push	a
      0000D9 89               [ 2]  218 	pushw	x
      0000DA CDr00r00         [ 4]  219 	call	_GPIO_WriteHigh
      0000DD 5B 07            [ 2]  220 	addw	sp, #7
      0000DF 81               [ 4]  221 	ret
                                    222 ;	user/max7219.c: 49: void Init(void)
                                    223 ;	-----------------------------------------
                                    224 ;	 function Init
                                    225 ;	-----------------------------------------
      0000E0                        226 _Init:
      0000E0 52 04            [ 2]  227 	sub	sp, #4
                                    228 ;	user/max7219.c: 51: GPIO_Init(max7seg.port, max7seg.data|max7seg.cs|max7seg.clk, GPIO_MODE_OUT_PP_HIGH_FAST);
      0000E2 AEr00r00         [ 2]  229 	ldw	x, #_max7seg+0
      0000E5 1F 03            [ 2]  230 	ldw	(0x03, sp), x
      0000E7 1E 03            [ 2]  231 	ldw	x, (0x03, sp)
      0000E9 E6 02            [ 1]  232 	ld	a, (0x2, x)
      0000EB 6B 02            [ 1]  233 	ld	(0x02, sp), a
      0000ED 1E 03            [ 2]  234 	ldw	x, (0x03, sp)
      0000EF E6 03            [ 1]  235 	ld	a, (0x3, x)
      0000F1 1A 02            [ 1]  236 	or	a, (0x02, sp)
      0000F3 6B 01            [ 1]  237 	ld	(0x01, sp), a
      0000F5 1E 03            [ 2]  238 	ldw	x, (0x03, sp)
      0000F7 E6 04            [ 1]  239 	ld	a, (0x4, x)
      0000F9 1A 01            [ 1]  240 	or	a, (0x01, sp)
      0000FB 1E 03            [ 2]  241 	ldw	x, (0x03, sp)
      0000FD FE               [ 2]  242 	ldw	x, (x)
      0000FE 4B F0            [ 1]  243 	push	#0xf0
      000100 88               [ 1]  244 	push	a
      000101 89               [ 2]  245 	pushw	x
      000102 CDr00r00         [ 4]  246 	call	_GPIO_Init
      000105 5B 04            [ 2]  247 	addw	sp, #4
                                    248 ;	user/max7219.c: 52: setCommand(SCANLIMIT, 0x07); //scanf num led 7seg
      000107 4B 07            [ 1]  249 	push	#0x07
      000109 4B 0B            [ 1]  250 	push	#0x0b
      00010B CDr00r9C         [ 4]  251 	call	_setCommand
      00010E 85               [ 2]  252 	popw	x
                                    253 ;	user/max7219.c: 53: setCommand(DECODEMODE, 0xff); // decode digit 7 -0
      00010F 4B FF            [ 1]  254 	push	#0xff
      000111 4B 09            [ 1]  255 	push	#0x09
      000113 CDr00r9C         [ 4]  256 	call	_setCommand
      000116 85               [ 2]  257 	popw	x
                                    258 ;	user/max7219.c: 54: setCommand(SHUTDOWN, 0x01); // normal operator
      000117 4B 01            [ 1]  259 	push	#0x01
      000119 4B 0C            [ 1]  260 	push	#0x0c
      00011B CDr00r9C         [ 4]  261 	call	_setCommand
      00011E 85               [ 2]  262 	popw	x
                                    263 ;	user/max7219.c: 55: setCommand(DISPLAYTEST, 0x00); //no display test
      00011F 4B 00            [ 1]  264 	push	#0x00
      000121 4B 0F            [ 1]  265 	push	#0x0f
      000123 CDr00r9C         [ 4]  266 	call	_setCommand
      000126 85               [ 2]  267 	popw	x
                                    268 ;	user/max7219.c: 56: setCommand(INTENSITY, 0x04); // brightness 9/32
      000127 4B 04            [ 1]  269 	push	#0x04
      000129 4B 0A            [ 1]  270 	push	#0x0a
      00012B CDr00r9C         [ 4]  271 	call	_setCommand
      00012E 5B 06            [ 2]  272 	addw	sp, #6
      000130 81               [ 4]  273 	ret
                                    274 ;	user/max7219.c: 59: void setIntensity(uint8_t intensity)
                                    275 ;	-----------------------------------------
                                    276 ;	 function setIntensity
                                    277 ;	-----------------------------------------
      000131                        278 _setIntensity:
                                    279 ;	user/max7219.c: 61: setCommand(INTENSITY, intensity);
      000131 7B 03            [ 1]  280 	ld	a, (0x03, sp)
      000133 88               [ 1]  281 	push	a
      000134 4B 0A            [ 1]  282 	push	#0x0a
      000136 CDr00r9C         [ 4]  283 	call	_setCommand
      000139 85               [ 2]  284 	popw	x
      00013A 81               [ 4]  285 	ret
                                    286 ;	user/max7219.c: 64: void send7Seg(uint8_t led, uint8_t data)
                                    287 ;	-----------------------------------------
                                    288 ;	 function send7Seg
                                    289 ;	-----------------------------------------
      00013B                        290 _send7Seg:
      00013B 52 04            [ 2]  291 	sub	sp, #4
                                    292 ;	user/max7219.c: 67: GPIO_WriteLow(max7seg.port, max7seg.cs);
      00013D AEr00r00         [ 2]  293 	ldw	x, #_max7seg+0
      000140 1F 03            [ 2]  294 	ldw	(0x03, sp), x
      000142 1E 03            [ 2]  295 	ldw	x, (0x03, sp)
      000144 1C 00 03         [ 2]  296 	addw	x, #0x0003
      000147 1F 01            [ 2]  297 	ldw	(0x01, sp), x
      000149 1E 01            [ 2]  298 	ldw	x, (0x01, sp)
      00014B F6               [ 1]  299 	ld	a, (x)
      00014C 1E 03            [ 2]  300 	ldw	x, (0x03, sp)
      00014E FE               [ 2]  301 	ldw	x, (x)
      00014F 88               [ 1]  302 	push	a
      000150 89               [ 2]  303 	pushw	x
      000151 CDr00r00         [ 4]  304 	call	_GPIO_WriteLow
      000154 5B 03            [ 2]  305 	addw	sp, #3
                                    306 ;	user/max7219.c: 68: Max7219_Write_Byte(led);
      000156 7B 07            [ 1]  307 	ld	a, (0x07, sp)
      000158 88               [ 1]  308 	push	a
      000159 CDr00r45         [ 4]  309 	call	_Max7219_Write_Byte
      00015C 84               [ 1]  310 	pop	a
                                    311 ;	user/max7219.c: 69: Max7219_Write_Byte(data);
      00015D 7B 08            [ 1]  312 	ld	a, (0x08, sp)
      00015F 88               [ 1]  313 	push	a
      000160 CDr00r45         [ 4]  314 	call	_Max7219_Write_Byte
      000163 84               [ 1]  315 	pop	a
                                    316 ;	user/max7219.c: 70: GPIO_WriteLow(max7seg.port, max7seg.cs);
      000164 1E 01            [ 2]  317 	ldw	x, (0x01, sp)
      000166 F6               [ 1]  318 	ld	a, (x)
      000167 1E 03            [ 2]  319 	ldw	x, (0x03, sp)
      000169 FE               [ 2]  320 	ldw	x, (x)
      00016A 88               [ 1]  321 	push	a
      00016B 89               [ 2]  322 	pushw	x
      00016C CDr00r00         [ 4]  323 	call	_GPIO_WriteLow
      00016F 5B 03            [ 2]  324 	addw	sp, #3
                                    325 ;	user/max7219.c: 71: GPIO_WriteHigh(max7seg.port, max7seg.cs);
      000171 1E 01            [ 2]  326 	ldw	x, (0x01, sp)
      000173 F6               [ 1]  327 	ld	a, (x)
      000174 1E 03            [ 2]  328 	ldw	x, (0x03, sp)
      000176 FE               [ 2]  329 	ldw	x, (x)
      000177 88               [ 1]  330 	push	a
      000178 89               [ 2]  331 	pushw	x
      000179 CDr00r00         [ 4]  332 	call	_GPIO_WriteHigh
      00017C 5B 07            [ 2]  333 	addw	sp, #7
      00017E 81               [ 4]  334 	ret
                                    335 	.area CODE
                                    336 	.area INITIALIZER
                                    337 	.area CABS (ABS)
