                                      1 ;--------------------------------------------------------
                                      2 ; File Created by SDCC : free open source ANSI-C Compiler
                                      3 ; Version 3.6.0 #9615 (MINGW64)
                                      4 ;--------------------------------------------------------
                                      5 	.module stm8s_i2c
                                      6 	.optsdcc -mstm8
                                      7 	
                                      8 ;--------------------------------------------------------
                                      9 ; Public variables in this module
                                     10 ;--------------------------------------------------------
                                     11 	.globl _I2C_DeInit
                                     12 	.globl _I2C_Init
                                     13 	.globl _I2C_Cmd
                                     14 	.globl _I2C_GeneralCallCmd
                                     15 	.globl _I2C_GenerateSTART
                                     16 	.globl _I2C_GenerateSTOP
                                     17 	.globl _I2C_SoftwareResetCmd
                                     18 	.globl _I2C_StretchClockCmd
                                     19 	.globl _I2C_AcknowledgeConfig
                                     20 	.globl _I2C_ITConfig
                                     21 	.globl _I2C_FastModeDutyCycleConfig
                                     22 	.globl _I2C_ReceiveData
                                     23 	.globl _I2C_Send7bitAddress
                                     24 	.globl _I2C_SendData
                                     25 	.globl _I2C_CheckEvent
                                     26 	.globl _I2C_GetLastEvent
                                     27 	.globl _I2C_GetFlagStatus
                                     28 	.globl _I2C_ClearFlag
                                     29 	.globl _I2C_GetITStatus
                                     30 	.globl _I2C_ClearITPendingBit
                                     31 ;--------------------------------------------------------
                                     32 ; ram data
                                     33 ;--------------------------------------------------------
                                     34 	.area DATA
                                     35 ;--------------------------------------------------------
                                     36 ; ram data
                                     37 ;--------------------------------------------------------
                                     38 	.area INITIALIZED
                                     39 ;--------------------------------------------------------
                                     40 ; absolute external ram data
                                     41 ;--------------------------------------------------------
                                     42 	.area DABS (ABS)
                                     43 ;--------------------------------------------------------
                                     44 ; global & static initialisations
                                     45 ;--------------------------------------------------------
                                     46 	.area HOME
                                     47 	.area GSINIT
                                     48 	.area GSFINAL
                                     49 	.area GSINIT
                                     50 ;--------------------------------------------------------
                                     51 ; Home
                                     52 ;--------------------------------------------------------
                                     53 	.area HOME
                                     54 	.area HOME
                                     55 ;--------------------------------------------------------
                                     56 ; code
                                     57 ;--------------------------------------------------------
                                     58 	.area CODE
                                     59 ;	lib/stm8s_i2c.c: 41: void I2C_DeInit(void)
                                     60 ;	-----------------------------------------
                                     61 ;	 function I2C_DeInit
                                     62 ;	-----------------------------------------
      000000                         63 _I2C_DeInit:
                                     64 ;	lib/stm8s_i2c.c: 43: I2C->CR1 = I2C_CR1_RESET_VALUE;
      000000 35 00 52 10      [ 1]   65 	mov	0x5210+0, #0x00
                                     66 ;	lib/stm8s_i2c.c: 44: I2C->CR2 = I2C_CR2_RESET_VALUE;
      000004 35 00 52 11      [ 1]   67 	mov	0x5211+0, #0x00
                                     68 ;	lib/stm8s_i2c.c: 45: I2C->FREQR = I2C_FREQR_RESET_VALUE;
      000008 35 00 52 12      [ 1]   69 	mov	0x5212+0, #0x00
                                     70 ;	lib/stm8s_i2c.c: 46: I2C->OARL = I2C_OARL_RESET_VALUE;
      00000C 35 00 52 13      [ 1]   71 	mov	0x5213+0, #0x00
                                     72 ;	lib/stm8s_i2c.c: 47: I2C->OARH = I2C_OARH_RESET_VALUE;
      000010 35 00 52 14      [ 1]   73 	mov	0x5214+0, #0x00
                                     74 ;	lib/stm8s_i2c.c: 48: I2C->ITR = I2C_ITR_RESET_VALUE;
      000014 35 00 52 1A      [ 1]   75 	mov	0x521a+0, #0x00
                                     76 ;	lib/stm8s_i2c.c: 49: I2C->CCRL = I2C_CCRL_RESET_VALUE;
      000018 35 00 52 1B      [ 1]   77 	mov	0x521b+0, #0x00
                                     78 ;	lib/stm8s_i2c.c: 50: I2C->CCRH = I2C_CCRH_RESET_VALUE;
      00001C 35 00 52 1C      [ 1]   79 	mov	0x521c+0, #0x00
                                     80 ;	lib/stm8s_i2c.c: 51: I2C->TRISER = I2C_TRISER_RESET_VALUE;
      000020 35 02 52 1D      [ 1]   81 	mov	0x521d+0, #0x02
      000024 81               [ 4]   82 	ret
                                     83 ;	lib/stm8s_i2c.c: 70: void I2C_Init(uint32_t OutputClockFrequencyHz, uint16_t OwnAddress, 
                                     84 ;	-----------------------------------------
                                     85 ;	 function I2C_Init
                                     86 ;	-----------------------------------------
      000025                         87 _I2C_Init:
      000025 52 0A            [ 2]   88 	sub	sp, #10
                                     89 ;	lib/stm8s_i2c.c: 76: uint8_t tmpccrh = 0;
      000027 0F 01            [ 1]   90 	clr	(0x01, sp)
                                     91 ;	lib/stm8s_i2c.c: 82: I2C->FREQR &= (uint8_t)(~I2C_FREQR_FREQ);
      000029 AE 52 12         [ 2]   92 	ldw	x, #0x5212
      00002C F6               [ 1]   93 	ld	a, (x)
      00002D A4 C0            [ 1]   94 	and	a, #0xc0
      00002F F7               [ 1]   95 	ld	(x), a
                                     96 ;	lib/stm8s_i2c.c: 84: I2C->FREQR |= InputClockFrequencyMHz;
      000030 AE 52 12         [ 2]   97 	ldw	x, #0x5212
      000033 F6               [ 1]   98 	ld	a, (x)
      000034 1A 16            [ 1]   99 	or	a, (0x16, sp)
      000036 AE 52 12         [ 2]  100 	ldw	x, #0x5212
      000039 F7               [ 1]  101 	ld	(x), a
                                    102 ;	lib/stm8s_i2c.c: 88: I2C->CR1 &= (uint8_t)(~I2C_CR1_PE);
      00003A 72 11 52 10      [ 1]  103 	bres	0x5210, #0
                                    104 ;	lib/stm8s_i2c.c: 91: I2C->CCRH &= (uint8_t)(~(I2C_CCRH_FS | I2C_CCRH_DUTY | I2C_CCRH_CCR));
      00003E AE 52 1C         [ 2]  105 	ldw	x, #0x521c
      000041 F6               [ 1]  106 	ld	a, (x)
      000042 A4 30            [ 1]  107 	and	a, #0x30
      000044 F7               [ 1]  108 	ld	(x), a
                                    109 ;	lib/stm8s_i2c.c: 92: I2C->CCRL &= (uint8_t)(~I2C_CCRL_CCR);
      000045 AE 52 1B         [ 2]  110 	ldw	x, #0x521b
      000048 F6               [ 1]  111 	ld	a, (x)
      000049 35 00 52 1B      [ 1]  112 	mov	0x521b+0, #0x00
                                    113 ;	lib/stm8s_i2c.c: 103: result = (uint16_t) ((InputClockFrequencyMHz * 1000000) / (OutputClockFrequencyHz * 3));
      00004D 5F               [ 1]  114 	clrw	x
      00004E 7B 16            [ 1]  115 	ld	a, (0x16, sp)
      000050 97               [ 1]  116 	ld	xl, a
      000051 90 5F            [ 1]  117 	clrw	y
      000053 89               [ 2]  118 	pushw	x
      000054 90 89            [ 2]  119 	pushw	y
      000056 4B 40            [ 1]  120 	push	#0x40
      000058 4B 42            [ 1]  121 	push	#0x42
      00005A 4B 0F            [ 1]  122 	push	#0x0f
      00005C 4B 00            [ 1]  123 	push	#0x00
      00005E CDr00r00         [ 4]  124 	call	__mullong
      000061 5B 08            [ 2]  125 	addw	sp, #8
      000063 1F 09            [ 2]  126 	ldw	(0x09, sp), x
      000065 17 07            [ 2]  127 	ldw	(0x07, sp), y
                                    128 ;	lib/stm8s_i2c.c: 95: if (OutputClockFrequencyHz > I2C_MAX_STANDARD_FREQ) /* FAST MODE */
      000067 AE 86 A0         [ 2]  129 	ldw	x, #0x86a0
      00006A 13 0F            [ 2]  130 	cpw	x, (0x0f, sp)
      00006C A6 01            [ 1]  131 	ld	a, #0x01
      00006E 12 0E            [ 1]  132 	sbc	a, (0x0e, sp)
      000070 4F               [ 1]  133 	clr	a
      000071 12 0D            [ 1]  134 	sbc	a, (0x0d, sp)
      000073 24 77            [ 1]  135 	jrnc	00109$
                                    136 ;	lib/stm8s_i2c.c: 98: tmpccrh = I2C_CCRH_FS;
      000075 A6 80            [ 1]  137 	ld	a, #0x80
      000077 6B 01            [ 1]  138 	ld	(0x01, sp), a
                                    139 ;	lib/stm8s_i2c.c: 100: if (I2C_DutyCycle == I2C_DUTYCYCLE_2)
      000079 0D 13            [ 1]  140 	tnz	(0x13, sp)
      00007B 26 23            [ 1]  141 	jrne	00102$
                                    142 ;	lib/stm8s_i2c.c: 103: result = (uint16_t) ((InputClockFrequencyMHz * 1000000) / (OutputClockFrequencyHz * 3));
      00007D 1E 0F            [ 2]  143 	ldw	x, (0x0f, sp)
      00007F 89               [ 2]  144 	pushw	x
      000080 1E 0F            [ 2]  145 	ldw	x, (0x0f, sp)
      000082 89               [ 2]  146 	pushw	x
      000083 4B 03            [ 1]  147 	push	#0x03
      000085 5F               [ 1]  148 	clrw	x
      000086 89               [ 2]  149 	pushw	x
      000087 4B 00            [ 1]  150 	push	#0x00
      000089 CDr00r00         [ 4]  151 	call	__mullong
      00008C 5B 08            [ 2]  152 	addw	sp, #8
      00008E 89               [ 2]  153 	pushw	x
      00008F 90 89            [ 2]  154 	pushw	y
      000091 1E 0D            [ 2]  155 	ldw	x, (0x0d, sp)
      000093 89               [ 2]  156 	pushw	x
      000094 1E 0D            [ 2]  157 	ldw	x, (0x0d, sp)
      000096 89               [ 2]  158 	pushw	x
      000097 CDr00r00         [ 4]  159 	call	__divulong
      00009A 5B 08            [ 2]  160 	addw	sp, #8
      00009C 1F 02            [ 2]  161 	ldw	(0x02, sp), x
      00009E 20 28            [ 2]  162 	jra	00103$
      0000A0                        163 00102$:
                                    164 ;	lib/stm8s_i2c.c: 108: result = (uint16_t) ((InputClockFrequencyMHz * 1000000) / (OutputClockFrequencyHz * 25));
      0000A0 1E 0F            [ 2]  165 	ldw	x, (0x0f, sp)
      0000A2 89               [ 2]  166 	pushw	x
      0000A3 1E 0F            [ 2]  167 	ldw	x, (0x0f, sp)
      0000A5 89               [ 2]  168 	pushw	x
      0000A6 4B 19            [ 1]  169 	push	#0x19
      0000A8 5F               [ 1]  170 	clrw	x
      0000A9 89               [ 2]  171 	pushw	x
      0000AA 4B 00            [ 1]  172 	push	#0x00
      0000AC CDr00r00         [ 4]  173 	call	__mullong
      0000AF 5B 08            [ 2]  174 	addw	sp, #8
      0000B1 9F               [ 1]  175 	ld	a, xl
      0000B2 88               [ 1]  176 	push	a
      0000B3 9E               [ 1]  177 	ld	a, xh
      0000B4 88               [ 1]  178 	push	a
      0000B5 90 89            [ 2]  179 	pushw	y
      0000B7 1E 0D            [ 2]  180 	ldw	x, (0x0d, sp)
      0000B9 89               [ 2]  181 	pushw	x
      0000BA 1E 0D            [ 2]  182 	ldw	x, (0x0d, sp)
      0000BC 89               [ 2]  183 	pushw	x
      0000BD CDr00r00         [ 4]  184 	call	__divulong
      0000C0 5B 08            [ 2]  185 	addw	sp, #8
      0000C2 1F 02            [ 2]  186 	ldw	(0x02, sp), x
                                    187 ;	lib/stm8s_i2c.c: 110: tmpccrh |= I2C_CCRH_DUTY;
      0000C4 A6 C0            [ 1]  188 	ld	a, #0xc0
      0000C6 6B 01            [ 1]  189 	ld	(0x01, sp), a
      0000C8                        190 00103$:
                                    191 ;	lib/stm8s_i2c.c: 114: if (result < (uint16_t)0x01)
      0000C8 1E 02            [ 2]  192 	ldw	x, (0x02, sp)
      0000CA A3 00 01         [ 2]  193 	cpw	x, #0x0001
      0000CD 24 05            [ 1]  194 	jrnc	00105$
                                    195 ;	lib/stm8s_i2c.c: 117: result = (uint16_t)0x0001;
      0000CF AE 00 01         [ 2]  196 	ldw	x, #0x0001
      0000D2 1F 02            [ 2]  197 	ldw	(0x02, sp), x
      0000D4                        198 00105$:
                                    199 ;	lib/stm8s_i2c.c: 123: tmpval = ((InputClockFrequencyMHz * 3) / 10) + 1;
      0000D4 7B 16            [ 1]  200 	ld	a, (0x16, sp)
      0000D6 97               [ 1]  201 	ld	xl, a
      0000D7 A6 03            [ 1]  202 	ld	a, #0x03
      0000D9 42               [ 4]  203 	mul	x, a
      0000DA 4B 0A            [ 1]  204 	push	#0x0a
      0000DC 4B 00            [ 1]  205 	push	#0x00
      0000DE 89               [ 2]  206 	pushw	x
      0000DF CDr00r00         [ 4]  207 	call	__divsint
      0000E2 5B 04            [ 2]  208 	addw	sp, #4
      0000E4 5C               [ 2]  209 	incw	x
      0000E5 9F               [ 1]  210 	ld	a, xl
                                    211 ;	lib/stm8s_i2c.c: 124: I2C->TRISER = (uint8_t)tmpval;
      0000E6 AE 52 1D         [ 2]  212 	ldw	x, #0x521d
      0000E9 F7               [ 1]  213 	ld	(x), a
      0000EA 20 2A            [ 2]  214 	jra	00110$
      0000EC                        215 00109$:
                                    216 ;	lib/stm8s_i2c.c: 131: result = (uint16_t)((InputClockFrequencyMHz * 1000000) / (OutputClockFrequencyHz << (uint8_t)1));
      0000EC 1E 0F            [ 2]  217 	ldw	x, (0x0f, sp)
      0000EE 16 0D            [ 2]  218 	ldw	y, (0x0d, sp)
      0000F0 58               [ 2]  219 	sllw	x
      0000F1 90 59            [ 2]  220 	rlcw	y
      0000F3 89               [ 2]  221 	pushw	x
      0000F4 90 89            [ 2]  222 	pushw	y
      0000F6 1E 0D            [ 2]  223 	ldw	x, (0x0d, sp)
      0000F8 89               [ 2]  224 	pushw	x
      0000F9 1E 0D            [ 2]  225 	ldw	x, (0x0d, sp)
      0000FB 89               [ 2]  226 	pushw	x
      0000FC CDr00r00         [ 4]  227 	call	__divulong
      0000FF 5B 08            [ 2]  228 	addw	sp, #8
      000101 1F 02            [ 2]  229 	ldw	(0x02, sp), x
                                    230 ;	lib/stm8s_i2c.c: 134: if (result < (uint16_t)0x0004)
      000103 1E 02            [ 2]  231 	ldw	x, (0x02, sp)
      000105 A3 00 04         [ 2]  232 	cpw	x, #0x0004
      000108 24 05            [ 1]  233 	jrnc	00107$
                                    234 ;	lib/stm8s_i2c.c: 137: result = (uint16_t)0x0004;
      00010A AE 00 04         [ 2]  235 	ldw	x, #0x0004
      00010D 1F 02            [ 2]  236 	ldw	(0x02, sp), x
      00010F                        237 00107$:
                                    238 ;	lib/stm8s_i2c.c: 143: I2C->TRISER = (uint8_t)(InputClockFrequencyMHz + (uint8_t)1);
      00010F 7B 16            [ 1]  239 	ld	a, (0x16, sp)
      000111 4C               [ 1]  240 	inc	a
      000112 AE 52 1D         [ 2]  241 	ldw	x, #0x521d
      000115 F7               [ 1]  242 	ld	(x), a
      000116                        243 00110$:
                                    244 ;	lib/stm8s_i2c.c: 148: I2C->CCRL = (uint8_t)result;
      000116 7B 03            [ 1]  245 	ld	a, (0x03, sp)
      000118 AE 52 1B         [ 2]  246 	ldw	x, #0x521b
      00011B F7               [ 1]  247 	ld	(x), a
                                    248 ;	lib/stm8s_i2c.c: 149: I2C->CCRH = (uint8_t)((uint8_t)((uint8_t)(result >> 8) & I2C_CCRH_CCR) | tmpccrh);
      00011C 7B 02            [ 1]  249 	ld	a, (0x02, sp)
      00011E 0F 05            [ 1]  250 	clr	(0x05, sp)
      000120 A4 0F            [ 1]  251 	and	a, #0x0f
      000122 1A 01            [ 1]  252 	or	a, (0x01, sp)
      000124 AE 52 1C         [ 2]  253 	ldw	x, #0x521c
      000127 F7               [ 1]  254 	ld	(x), a
                                    255 ;	lib/stm8s_i2c.c: 152: I2C->CR1 |= I2C_CR1_PE;
      000128 72 10 52 10      [ 1]  256 	bset	0x5210, #0
                                    257 ;	lib/stm8s_i2c.c: 155: I2C_AcknowledgeConfig(Ack);
      00012C 7B 14            [ 1]  258 	ld	a, (0x14, sp)
      00012E 88               [ 1]  259 	push	a
      00012F CDr01rB3         [ 4]  260 	call	_I2C_AcknowledgeConfig
      000132 84               [ 1]  261 	pop	a
                                    262 ;	lib/stm8s_i2c.c: 158: I2C->OARL = (uint8_t)(OwnAddress);
      000133 7B 12            [ 1]  263 	ld	a, (0x12, sp)
      000135 AE 52 13         [ 2]  264 	ldw	x, #0x5213
      000138 F7               [ 1]  265 	ld	(x), a
                                    266 ;	lib/stm8s_i2c.c: 159: I2C->OARH = (uint8_t)((uint8_t)(AddMode | I2C_OARH_ADDCONF) |
      000139 7B 15            [ 1]  267 	ld	a, (0x15, sp)
      00013B AA 40            [ 1]  268 	or	a, #0x40
      00013D 6B 04            [ 1]  269 	ld	(0x04, sp), a
                                    270 ;	lib/stm8s_i2c.c: 160: (uint8_t)((OwnAddress & (uint16_t)0x0300) >> (uint8_t)7));
      00013F 4F               [ 1]  271 	clr	a
      000140 97               [ 1]  272 	ld	xl, a
      000141 7B 11            [ 1]  273 	ld	a, (0x11, sp)
      000143 A4 03            [ 1]  274 	and	a, #0x03
      000145 95               [ 1]  275 	ld	xh, a
      000146 A6 80            [ 1]  276 	ld	a, #0x80
      000148 62               [ 2]  277 	div	x, a
      000149 9F               [ 1]  278 	ld	a, xl
      00014A 1A 04            [ 1]  279 	or	a, (0x04, sp)
      00014C AE 52 14         [ 2]  280 	ldw	x, #0x5214
      00014F F7               [ 1]  281 	ld	(x), a
      000150 5B 0A            [ 2]  282 	addw	sp, #10
      000152 81               [ 4]  283 	ret
                                    284 ;	lib/stm8s_i2c.c: 169: void I2C_Cmd(FunctionalState NewState)
                                    285 ;	-----------------------------------------
                                    286 ;	 function I2C_Cmd
                                    287 ;	-----------------------------------------
      000153                        288 _I2C_Cmd:
                                    289 ;	lib/stm8s_i2c.c: 171: if (NewState != DISABLE)
      000153 0D 03            [ 1]  290 	tnz	(0x03, sp)
      000155 27 05            [ 1]  291 	jreq	00102$
                                    292 ;	lib/stm8s_i2c.c: 174: I2C->CR1 |= I2C_CR1_PE;
      000157 72 10 52 10      [ 1]  293 	bset	0x5210, #0
      00015B 81               [ 4]  294 	ret
      00015C                        295 00102$:
                                    296 ;	lib/stm8s_i2c.c: 179: I2C->CR1 &= (uint8_t)(~I2C_CR1_PE);
      00015C 72 11 52 10      [ 1]  297 	bres	0x5210, #0
      000160 81               [ 4]  298 	ret
                                    299 ;	lib/stm8s_i2c.c: 189: void I2C_GeneralCallCmd(FunctionalState NewState)
                                    300 ;	-----------------------------------------
                                    301 ;	 function I2C_GeneralCallCmd
                                    302 ;	-----------------------------------------
      000161                        303 _I2C_GeneralCallCmd:
                                    304 ;	lib/stm8s_i2c.c: 191: if (NewState != DISABLE)
      000161 0D 03            [ 1]  305 	tnz	(0x03, sp)
      000163 27 08            [ 1]  306 	jreq	00102$
                                    307 ;	lib/stm8s_i2c.c: 194: I2C->CR1 |= I2C_CR1_ENGC;
      000165 AE 52 10         [ 2]  308 	ldw	x, #0x5210
      000168 F6               [ 1]  309 	ld	a, (x)
      000169 AA 40            [ 1]  310 	or	a, #0x40
      00016B F7               [ 1]  311 	ld	(x), a
      00016C 81               [ 4]  312 	ret
      00016D                        313 00102$:
                                    314 ;	lib/stm8s_i2c.c: 199: I2C->CR1 &= (uint8_t)(~I2C_CR1_ENGC);
      00016D AE 52 10         [ 2]  315 	ldw	x, #0x5210
      000170 F6               [ 1]  316 	ld	a, (x)
      000171 A4 BF            [ 1]  317 	and	a, #0xbf
      000173 F7               [ 1]  318 	ld	(x), a
      000174 81               [ 4]  319 	ret
                                    320 ;	lib/stm8s_i2c.c: 211: void I2C_GenerateSTART(FunctionalState NewState)
                                    321 ;	-----------------------------------------
                                    322 ;	 function I2C_GenerateSTART
                                    323 ;	-----------------------------------------
      000175                        324 _I2C_GenerateSTART:
                                    325 ;	lib/stm8s_i2c.c: 214: if (NewState != DISABLE)
      000175 0D 03            [ 1]  326 	tnz	(0x03, sp)
      000177 27 05            [ 1]  327 	jreq	00102$
                                    328 ;	lib/stm8s_i2c.c: 217: I2C->CR2 |= I2C_CR2_START;
      000179 72 10 52 11      [ 1]  329 	bset	0x5211, #0
      00017D 81               [ 4]  330 	ret
      00017E                        331 00102$:
                                    332 ;	lib/stm8s_i2c.c: 222: I2C->CR2 &= (uint8_t)(~I2C_CR2_START);
      00017E 72 11 52 11      [ 1]  333 	bres	0x5211, #0
      000182 81               [ 4]  334 	ret
                                    335 ;	lib/stm8s_i2c.c: 232: void I2C_GenerateSTOP(FunctionalState NewState)
                                    336 ;	-----------------------------------------
                                    337 ;	 function I2C_GenerateSTOP
                                    338 ;	-----------------------------------------
      000183                        339 _I2C_GenerateSTOP:
                                    340 ;	lib/stm8s_i2c.c: 234: if (NewState != DISABLE)
      000183 0D 03            [ 1]  341 	tnz	(0x03, sp)
      000185 27 08            [ 1]  342 	jreq	00102$
                                    343 ;	lib/stm8s_i2c.c: 237: I2C->CR2 |= I2C_CR2_STOP;
      000187 AE 52 11         [ 2]  344 	ldw	x, #0x5211
      00018A F6               [ 1]  345 	ld	a, (x)
      00018B AA 02            [ 1]  346 	or	a, #0x02
      00018D F7               [ 1]  347 	ld	(x), a
      00018E 81               [ 4]  348 	ret
      00018F                        349 00102$:
                                    350 ;	lib/stm8s_i2c.c: 242: I2C->CR2 &= (uint8_t)(~I2C_CR2_STOP);
      00018F AE 52 11         [ 2]  351 	ldw	x, #0x5211
      000192 F6               [ 1]  352 	ld	a, (x)
      000193 A4 FD            [ 1]  353 	and	a, #0xfd
      000195 F7               [ 1]  354 	ld	(x), a
      000196 81               [ 4]  355 	ret
                                    356 ;	lib/stm8s_i2c.c: 252: void I2C_SoftwareResetCmd(FunctionalState NewState)
                                    357 ;	-----------------------------------------
                                    358 ;	 function I2C_SoftwareResetCmd
                                    359 ;	-----------------------------------------
      000197                        360 _I2C_SoftwareResetCmd:
                                    361 ;	lib/stm8s_i2c.c: 255: if (NewState != DISABLE)
      000197 0D 03            [ 1]  362 	tnz	(0x03, sp)
      000199 27 05            [ 1]  363 	jreq	00102$
                                    364 ;	lib/stm8s_i2c.c: 258: I2C->CR2 |= I2C_CR2_SWRST;
      00019B 72 1E 52 11      [ 1]  365 	bset	0x5211, #7
      00019F 81               [ 4]  366 	ret
      0001A0                        367 00102$:
                                    368 ;	lib/stm8s_i2c.c: 263: I2C->CR2 &= (uint8_t)(~I2C_CR2_SWRST);
      0001A0 72 1F 52 11      [ 1]  369 	bres	0x5211, #7
      0001A4 81               [ 4]  370 	ret
                                    371 ;	lib/stm8s_i2c.c: 274: void I2C_StretchClockCmd(FunctionalState NewState)
                                    372 ;	-----------------------------------------
                                    373 ;	 function I2C_StretchClockCmd
                                    374 ;	-----------------------------------------
      0001A5                        375 _I2C_StretchClockCmd:
                                    376 ;	lib/stm8s_i2c.c: 276: if (NewState != DISABLE)
      0001A5 0D 03            [ 1]  377 	tnz	(0x03, sp)
      0001A7 27 05            [ 1]  378 	jreq	00102$
                                    379 ;	lib/stm8s_i2c.c: 279: I2C->CR1 &= (uint8_t)(~I2C_CR1_NOSTRETCH);
      0001A9 72 1F 52 10      [ 1]  380 	bres	0x5210, #7
      0001AD 81               [ 4]  381 	ret
      0001AE                        382 00102$:
                                    383 ;	lib/stm8s_i2c.c: 285: I2C->CR1 |= I2C_CR1_NOSTRETCH;
      0001AE 72 1E 52 10      [ 1]  384 	bset	0x5210, #7
      0001B2 81               [ 4]  385 	ret
                                    386 ;	lib/stm8s_i2c.c: 296: void I2C_AcknowledgeConfig(I2C_Ack_TypeDef Ack)
                                    387 ;	-----------------------------------------
                                    388 ;	 function I2C_AcknowledgeConfig
                                    389 ;	-----------------------------------------
      0001B3                        390 _I2C_AcknowledgeConfig:
                                    391 ;	lib/stm8s_i2c.c: 298: if (Ack == I2C_ACK_NONE)
      0001B3 0D 03            [ 1]  392 	tnz	(0x03, sp)
      0001B5 26 08            [ 1]  393 	jrne	00105$
                                    394 ;	lib/stm8s_i2c.c: 301: I2C->CR2 &= (uint8_t)(~I2C_CR2_ACK);
      0001B7 AE 52 11         [ 2]  395 	ldw	x, #0x5211
      0001BA F6               [ 1]  396 	ld	a, (x)
      0001BB A4 FB            [ 1]  397 	and	a, #0xfb
      0001BD F7               [ 1]  398 	ld	(x), a
      0001BE 81               [ 4]  399 	ret
      0001BF                        400 00105$:
                                    401 ;	lib/stm8s_i2c.c: 306: I2C->CR2 |= I2C_CR2_ACK;
      0001BF AE 52 11         [ 2]  402 	ldw	x, #0x5211
      0001C2 F6               [ 1]  403 	ld	a, (x)
      0001C3 AA 04            [ 1]  404 	or	a, #0x04
      0001C5 F7               [ 1]  405 	ld	(x), a
                                    406 ;	lib/stm8s_i2c.c: 308: if (Ack == I2C_ACK_CURR)
      0001C6 7B 03            [ 1]  407 	ld	a, (0x03, sp)
      0001C8 A1 01            [ 1]  408 	cp	a, #0x01
      0001CA 26 08            [ 1]  409 	jrne	00102$
                                    410 ;	lib/stm8s_i2c.c: 311: I2C->CR2 &= (uint8_t)(~I2C_CR2_POS);
      0001CC AE 52 11         [ 2]  411 	ldw	x, #0x5211
      0001CF F6               [ 1]  412 	ld	a, (x)
      0001D0 A4 F7            [ 1]  413 	and	a, #0xf7
      0001D2 F7               [ 1]  414 	ld	(x), a
      0001D3 81               [ 4]  415 	ret
      0001D4                        416 00102$:
                                    417 ;	lib/stm8s_i2c.c: 316: I2C->CR2 |= I2C_CR2_POS;
      0001D4 AE 52 11         [ 2]  418 	ldw	x, #0x5211
      0001D7 F6               [ 1]  419 	ld	a, (x)
      0001D8 AA 08            [ 1]  420 	or	a, #0x08
      0001DA F7               [ 1]  421 	ld	(x), a
      0001DB 81               [ 4]  422 	ret
                                    423 ;	lib/stm8s_i2c.c: 329: void I2C_ITConfig(I2C_IT_TypeDef I2C_IT, FunctionalState NewState)
                                    424 ;	-----------------------------------------
                                    425 ;	 function I2C_ITConfig
                                    426 ;	-----------------------------------------
      0001DC                        427 _I2C_ITConfig:
      0001DC 88               [ 1]  428 	push	a
                                    429 ;	lib/stm8s_i2c.c: 331: if (NewState != DISABLE)
      0001DD 0D 05            [ 1]  430 	tnz	(0x05, sp)
      0001DF 27 0C            [ 1]  431 	jreq	00102$
                                    432 ;	lib/stm8s_i2c.c: 334: I2C->ITR |= (uint8_t)I2C_IT;
      0001E1 AE 52 1A         [ 2]  433 	ldw	x, #0x521a
      0001E4 F6               [ 1]  434 	ld	a, (x)
      0001E5 1A 04            [ 1]  435 	or	a, (0x04, sp)
      0001E7 AE 52 1A         [ 2]  436 	ldw	x, #0x521a
      0001EA F7               [ 1]  437 	ld	(x), a
      0001EB 20 0F            [ 2]  438 	jra	00104$
      0001ED                        439 00102$:
                                    440 ;	lib/stm8s_i2c.c: 339: I2C->ITR &= (uint8_t)(~(uint8_t)I2C_IT);
      0001ED AE 52 1A         [ 2]  441 	ldw	x, #0x521a
      0001F0 F6               [ 1]  442 	ld	a, (x)
      0001F1 6B 01            [ 1]  443 	ld	(0x01, sp), a
      0001F3 7B 04            [ 1]  444 	ld	a, (0x04, sp)
      0001F5 43               [ 1]  445 	cpl	a
      0001F6 14 01            [ 1]  446 	and	a, (0x01, sp)
      0001F8 AE 52 1A         [ 2]  447 	ldw	x, #0x521a
      0001FB F7               [ 1]  448 	ld	(x), a
      0001FC                        449 00104$:
      0001FC 84               [ 1]  450 	pop	a
      0001FD 81               [ 4]  451 	ret
                                    452 ;	lib/stm8s_i2c.c: 349: void I2C_FastModeDutyCycleConfig(I2C_DutyCycle_TypeDef I2C_DutyCycle)
                                    453 ;	-----------------------------------------
                                    454 ;	 function I2C_FastModeDutyCycleConfig
                                    455 ;	-----------------------------------------
      0001FE                        456 _I2C_FastModeDutyCycleConfig:
                                    457 ;	lib/stm8s_i2c.c: 351: if (I2C_DutyCycle == I2C_DUTYCYCLE_16_9)
      0001FE 7B 03            [ 1]  458 	ld	a, (0x03, sp)
      000200 A1 40            [ 1]  459 	cp	a, #0x40
      000202 26 08            [ 1]  460 	jrne	00102$
                                    461 ;	lib/stm8s_i2c.c: 354: I2C->CCRH |= I2C_CCRH_DUTY;
      000204 AE 52 1C         [ 2]  462 	ldw	x, #0x521c
      000207 F6               [ 1]  463 	ld	a, (x)
      000208 AA 40            [ 1]  464 	or	a, #0x40
      00020A F7               [ 1]  465 	ld	(x), a
      00020B 81               [ 4]  466 	ret
      00020C                        467 00102$:
                                    468 ;	lib/stm8s_i2c.c: 359: I2C->CCRH &= (uint8_t)(~I2C_CCRH_DUTY);
      00020C AE 52 1C         [ 2]  469 	ldw	x, #0x521c
      00020F F6               [ 1]  470 	ld	a, (x)
      000210 A4 BF            [ 1]  471 	and	a, #0xbf
      000212 F7               [ 1]  472 	ld	(x), a
      000213 81               [ 4]  473 	ret
                                    474 ;	lib/stm8s_i2c.c: 368: uint8_t I2C_ReceiveData(void)
                                    475 ;	-----------------------------------------
                                    476 ;	 function I2C_ReceiveData
                                    477 ;	-----------------------------------------
      000214                        478 _I2C_ReceiveData:
                                    479 ;	lib/stm8s_i2c.c: 371: return ((uint8_t)I2C->DR);
      000214 AE 52 16         [ 2]  480 	ldw	x, #0x5216
      000217 F6               [ 1]  481 	ld	a, (x)
      000218 81               [ 4]  482 	ret
                                    483 ;	lib/stm8s_i2c.c: 381: void I2C_Send7bitAddress(uint8_t Address, I2C_Direction_TypeDef Direction)
                                    484 ;	-----------------------------------------
                                    485 ;	 function I2C_Send7bitAddress
                                    486 ;	-----------------------------------------
      000219                        487 _I2C_Send7bitAddress:
                                    488 ;	lib/stm8s_i2c.c: 384: Address &= (uint8_t)0xFE;
      000219 7B 03            [ 1]  489 	ld	a, (0x03, sp)
      00021B A4 FE            [ 1]  490 	and	a, #0xfe
      00021D 6B 03            [ 1]  491 	ld	(0x03, sp), a
                                    492 ;	lib/stm8s_i2c.c: 387: I2C->DR = (uint8_t)(Address | (uint8_t)Direction);
      00021F 7B 03            [ 1]  493 	ld	a, (0x03, sp)
      000221 1A 04            [ 1]  494 	or	a, (0x04, sp)
      000223 AE 52 16         [ 2]  495 	ldw	x, #0x5216
      000226 F7               [ 1]  496 	ld	(x), a
      000227 81               [ 4]  497 	ret
                                    498 ;	lib/stm8s_i2c.c: 395: void I2C_SendData(uint8_t Data)
                                    499 ;	-----------------------------------------
                                    500 ;	 function I2C_SendData
                                    501 ;	-----------------------------------------
      000228                        502 _I2C_SendData:
                                    503 ;	lib/stm8s_i2c.c: 398: I2C->DR = Data;
      000228 AE 52 16         [ 2]  504 	ldw	x, #0x5216
      00022B 7B 03            [ 1]  505 	ld	a, (0x03, sp)
      00022D F7               [ 1]  506 	ld	(x), a
      00022E 81               [ 4]  507 	ret
                                    508 ;	lib/stm8s_i2c.c: 515: ErrorStatus I2C_CheckEvent(I2C_Event_TypeDef I2C_Event)
                                    509 ;	-----------------------------------------
                                    510 ;	 function I2C_CheckEvent
                                    511 ;	-----------------------------------------
      00022F                        512 _I2C_CheckEvent:
      00022F 52 0A            [ 2]  513 	sub	sp, #10
                                    514 ;	lib/stm8s_i2c.c: 517: __IO uint16_t lastevent = 0x00;
      000231 5F               [ 1]  515 	clrw	x
      000232 1F 01            [ 2]  516 	ldw	(0x01, sp), x
                                    517 ;	lib/stm8s_i2c.c: 522: if (I2C_Event == I2C_EVENT_SLAVE_ACK_FAILURE)
      000234 1E 0D            [ 2]  518 	ldw	x, (0x0d, sp)
      000236 A3 00 04         [ 2]  519 	cpw	x, #0x0004
      000239 26 0C            [ 1]  520 	jrne	00102$
                                    521 ;	lib/stm8s_i2c.c: 524: lastevent = I2C->SR2 & I2C_SR2_AF;
      00023B AE 52 18         [ 2]  522 	ldw	x, #0x5218
      00023E F6               [ 1]  523 	ld	a, (x)
      00023F A4 04            [ 1]  524 	and	a, #0x04
      000241 5F               [ 1]  525 	clrw	x
      000242 97               [ 1]  526 	ld	xl, a
      000243 1F 01            [ 2]  527 	ldw	(0x01, sp), x
      000245 20 1E            [ 2]  528 	jra	00103$
      000247                        529 00102$:
                                    530 ;	lib/stm8s_i2c.c: 528: flag1 = I2C->SR1;
      000247 AE 52 17         [ 2]  531 	ldw	x, #0x5217
      00024A F6               [ 1]  532 	ld	a, (x)
                                    533 ;	lib/stm8s_i2c.c: 529: flag2 = I2C->SR3;
      00024B AE 52 19         [ 2]  534 	ldw	x, #0x5219
      00024E 88               [ 1]  535 	push	a
      00024F F6               [ 1]  536 	ld	a, (x)
      000250 97               [ 1]  537 	ld	xl, a
      000251 84               [ 1]  538 	pop	a
                                    539 ;	lib/stm8s_i2c.c: 530: lastevent = ((uint16_t)((uint16_t)flag2 << (uint16_t)8) | (uint16_t)flag1);
      000252 0F 05            [ 1]  540 	clr	(0x05, sp)
      000254 0F 04            [ 1]  541 	clr	(0x04, sp)
      000256 0F 07            [ 1]  542 	clr	(0x07, sp)
      000258 1A 04            [ 1]  543 	or	a, (0x04, sp)
      00025A 6B 0A            [ 1]  544 	ld	(0x0a, sp), a
      00025C 9F               [ 1]  545 	ld	a, xl
      00025D 1A 07            [ 1]  546 	or	a, (0x07, sp)
      00025F 6B 09            [ 1]  547 	ld	(0x09, sp), a
      000261 16 09            [ 2]  548 	ldw	y, (0x09, sp)
      000263 17 01            [ 2]  549 	ldw	(0x01, sp), y
      000265                        550 00103$:
                                    551 ;	lib/stm8s_i2c.c: 533: if (((uint16_t)lastevent & (uint16_t)I2C_Event) == (uint16_t)I2C_Event)
      000265 7B 02            [ 1]  552 	ld	a, (0x02, sp)
      000267 14 0E            [ 1]  553 	and	a, (0x0e, sp)
      000269 97               [ 1]  554 	ld	xl, a
      00026A 7B 01            [ 1]  555 	ld	a, (0x01, sp)
      00026C 14 0D            [ 1]  556 	and	a, (0x0d, sp)
      00026E 95               [ 1]  557 	ld	xh, a
      00026F 13 0D            [ 2]  558 	cpw	x, (0x0d, sp)
      000271 26 03            [ 1]  559 	jrne	00105$
                                    560 ;	lib/stm8s_i2c.c: 536: status = SUCCESS;
      000273 A6 01            [ 1]  561 	ld	a, #0x01
                                    562 ;	lib/stm8s_i2c.c: 541: status = ERROR;
      000275 21                     563 	.byte 0x21
      000276                        564 00105$:
      000276 4F               [ 1]  565 	clr	a
      000277                        566 00106$:
                                    567 ;	lib/stm8s_i2c.c: 545: return status;
      000277 5B 0A            [ 2]  568 	addw	sp, #10
      000279 81               [ 4]  569 	ret
                                    570 ;	lib/stm8s_i2c.c: 562: I2C_Event_TypeDef I2C_GetLastEvent(void)
                                    571 ;	-----------------------------------------
                                    572 ;	 function I2C_GetLastEvent
                                    573 ;	-----------------------------------------
      00027A                        574 _I2C_GetLastEvent:
      00027A 52 04            [ 2]  575 	sub	sp, #4
                                    576 ;	lib/stm8s_i2c.c: 564: __IO uint16_t lastevent = 0;
      00027C 5F               [ 1]  577 	clrw	x
      00027D 1F 03            [ 2]  578 	ldw	(0x03, sp), x
                                    579 ;	lib/stm8s_i2c.c: 568: if ((I2C->SR2 & I2C_SR2_AF) != 0x00)
      00027F AE 52 18         [ 2]  580 	ldw	x, #0x5218
      000282 F6               [ 1]  581 	ld	a, (x)
      000283 A5 04            [ 1]  582 	bcp	a, #0x04
      000285 27 07            [ 1]  583 	jreq	00102$
                                    584 ;	lib/stm8s_i2c.c: 570: lastevent = I2C_EVENT_SLAVE_ACK_FAILURE;
      000287 AE 00 04         [ 2]  585 	ldw	x, #0x0004
      00028A 1F 03            [ 2]  586 	ldw	(0x03, sp), x
      00028C 20 17            [ 2]  587 	jra	00103$
      00028E                        588 00102$:
                                    589 ;	lib/stm8s_i2c.c: 575: flag1 = I2C->SR1;
      00028E AE 52 17         [ 2]  590 	ldw	x, #0x5217
      000291 F6               [ 1]  591 	ld	a, (x)
      000292 5F               [ 1]  592 	clrw	x
      000293 97               [ 1]  593 	ld	xl, a
      000294 1F 01            [ 2]  594 	ldw	(0x01, sp), x
                                    595 ;	lib/stm8s_i2c.c: 576: flag2 = I2C->SR3;
      000296 AE 52 19         [ 2]  596 	ldw	x, #0x5219
      000299 F6               [ 1]  597 	ld	a, (x)
      00029A 95               [ 1]  598 	ld	xh, a
      00029B 4F               [ 1]  599 	clr	a
                                    600 ;	lib/stm8s_i2c.c: 579: lastevent = ((uint16_t)((uint16_t)flag2 << 8) | (uint16_t)flag1);
      00029C 4F               [ 1]  601 	clr	a
      00029D 1A 02            [ 1]  602 	or	a, (0x02, sp)
      00029F 02               [ 1]  603 	rlwa	x
      0002A0 1A 01            [ 1]  604 	or	a, (0x01, sp)
      0002A2 95               [ 1]  605 	ld	xh, a
      0002A3 1F 03            [ 2]  606 	ldw	(0x03, sp), x
      0002A5                        607 00103$:
                                    608 ;	lib/stm8s_i2c.c: 582: return (I2C_Event_TypeDef)lastevent;
      0002A5 1E 03            [ 2]  609 	ldw	x, (0x03, sp)
      0002A7 5B 04            [ 2]  610 	addw	sp, #4
      0002A9 81               [ 4]  611 	ret
                                    612 ;	lib/stm8s_i2c.c: 613: FlagStatus I2C_GetFlagStatus(I2C_Flag_TypeDef I2C_Flag)
                                    613 ;	-----------------------------------------
                                    614 ;	 function I2C_GetFlagStatus
                                    615 ;	-----------------------------------------
      0002AA                        616 _I2C_GetFlagStatus:
      0002AA 89               [ 2]  617 	pushw	x
                                    618 ;	lib/stm8s_i2c.c: 615: uint8_t tempreg = 0;
      0002AB 4F               [ 1]  619 	clr	a
      0002AC 97               [ 1]  620 	ld	xl, a
                                    621 ;	lib/stm8s_i2c.c: 619: regindex = (uint8_t)((uint16_t)I2C_Flag >> 8);
      0002AD 7B 05            [ 1]  622 	ld	a, (0x05, sp)
      0002AF 0F 01            [ 1]  623 	clr	(0x01, sp)
                                    624 ;	lib/stm8s_i2c.c: 621: switch (regindex)
      0002B1 A1 01            [ 1]  625 	cp	a, #0x01
      0002B3 27 0A            [ 1]  626 	jreq	00101$
      0002B5 A1 02            [ 1]  627 	cp	a, #0x02
      0002B7 27 0D            [ 1]  628 	jreq	00102$
      0002B9 A1 03            [ 1]  629 	cp	a, #0x03
      0002BB 27 10            [ 1]  630 	jreq	00103$
      0002BD 20 13            [ 2]  631 	jra	00105$
                                    632 ;	lib/stm8s_i2c.c: 624: case 0x01:
      0002BF                        633 00101$:
                                    634 ;	lib/stm8s_i2c.c: 625: tempreg = (uint8_t)I2C->SR1;
      0002BF AE 52 17         [ 2]  635 	ldw	x, #0x5217
      0002C2 F6               [ 1]  636 	ld	a, (x)
      0002C3 97               [ 1]  637 	ld	xl, a
                                    638 ;	lib/stm8s_i2c.c: 626: break;
      0002C4 20 0C            [ 2]  639 	jra	00105$
                                    640 ;	lib/stm8s_i2c.c: 629: case 0x02:
      0002C6                        641 00102$:
                                    642 ;	lib/stm8s_i2c.c: 630: tempreg = (uint8_t)I2C->SR2;
      0002C6 AE 52 18         [ 2]  643 	ldw	x, #0x5218
      0002C9 F6               [ 1]  644 	ld	a, (x)
      0002CA 97               [ 1]  645 	ld	xl, a
                                    646 ;	lib/stm8s_i2c.c: 631: break;
      0002CB 20 05            [ 2]  647 	jra	00105$
                                    648 ;	lib/stm8s_i2c.c: 634: case 0x03:
      0002CD                        649 00103$:
                                    650 ;	lib/stm8s_i2c.c: 635: tempreg = (uint8_t)I2C->SR3;
      0002CD AE 52 19         [ 2]  651 	ldw	x, #0x5219
      0002D0 F6               [ 1]  652 	ld	a, (x)
      0002D1 97               [ 1]  653 	ld	xl, a
                                    654 ;	lib/stm8s_i2c.c: 640: }
      0002D2                        655 00105$:
                                    656 ;	lib/stm8s_i2c.c: 643: if ((tempreg & (uint8_t)I2C_Flag ) != 0)
      0002D2 7B 06            [ 1]  657 	ld	a, (0x06, sp)
      0002D4 89               [ 2]  658 	pushw	x
      0002D5 14 02            [ 1]  659 	and	a, (2, sp)
      0002D7 85               [ 2]  660 	popw	x
      0002D8 4D               [ 1]  661 	tnz	a
      0002D9 27 03            [ 1]  662 	jreq	00107$
                                    663 ;	lib/stm8s_i2c.c: 646: bitstatus = SET;
      0002DB A6 01            [ 1]  664 	ld	a, #0x01
                                    665 ;	lib/stm8s_i2c.c: 651: bitstatus = RESET;
      0002DD 21                     666 	.byte 0x21
      0002DE                        667 00107$:
      0002DE 4F               [ 1]  668 	clr	a
      0002DF                        669 00108$:
                                    670 ;	lib/stm8s_i2c.c: 654: return bitstatus;
      0002DF 85               [ 2]  671 	popw	x
      0002E0 81               [ 4]  672 	ret
                                    673 ;	lib/stm8s_i2c.c: 689: void I2C_ClearFlag(I2C_Flag_TypeDef I2C_FLAG)
                                    674 ;	-----------------------------------------
                                    675 ;	 function I2C_ClearFlag
                                    676 ;	-----------------------------------------
      0002E1                        677 _I2C_ClearFlag:
                                    678 ;	lib/stm8s_i2c.c: 694: flagpos = (uint16_t)I2C_FLAG & FLAG_Mask;
      0002E1 7B 04            [ 1]  679 	ld	a, (0x04, sp)
      0002E3 97               [ 1]  680 	ld	xl, a
      0002E4 4F               [ 1]  681 	clr	a
                                    682 ;	lib/stm8s_i2c.c: 696: I2C->SR2 = (uint8_t)((uint16_t)(~flagpos));
      0002E5 95               [ 1]  683 	ld	xh, a
      0002E6 53               [ 2]  684 	cplw	x
      0002E7 9F               [ 1]  685 	ld	a, xl
      0002E8 AE 52 18         [ 2]  686 	ldw	x, #0x5218
      0002EB F7               [ 1]  687 	ld	(x), a
      0002EC 81               [ 4]  688 	ret
                                    689 ;	lib/stm8s_i2c.c: 719: ITStatus I2C_GetITStatus(I2C_ITPendingBit_TypeDef I2C_ITPendingBit)
                                    690 ;	-----------------------------------------
                                    691 ;	 function I2C_GetITStatus
                                    692 ;	-----------------------------------------
      0002ED                        693 _I2C_GetITStatus:
      0002ED 89               [ 2]  694 	pushw	x
                                    695 ;	lib/stm8s_i2c.c: 722: __IO uint8_t enablestatus = 0;
      0002EE 0F 01            [ 1]  696 	clr	(0x01, sp)
                                    697 ;	lib/stm8s_i2c.c: 725: tempregister = (uint8_t)( ((uint16_t)((uint16_t)I2C_ITPendingBit & ITEN_Mask)) >> 8);
      0002F0 4F               [ 1]  698 	clr	a
      0002F1 7B 05            [ 1]  699 	ld	a, (0x05, sp)
      0002F3 A4 07            [ 1]  700 	and	a, #0x07
      0002F5 97               [ 1]  701 	ld	xl, a
      0002F6 4F               [ 1]  702 	clr	a
      0002F7 4F               [ 1]  703 	clr	a
      0002F8 95               [ 1]  704 	ld	xh, a
                                    705 ;	lib/stm8s_i2c.c: 728: enablestatus = (uint8_t)(I2C->ITR & ( uint8_t)tempregister);
      0002F9 90 AE 52 1A      [ 2]  706 	ldw	y, #0x521a
      0002FD 90 F6            [ 1]  707 	ld	a, (y)
      0002FF 89               [ 2]  708 	pushw	x
      000300 14 02            [ 1]  709 	and	a, (2, sp)
      000302 85               [ 2]  710 	popw	x
      000303 6B 01            [ 1]  711 	ld	(0x01, sp), a
                                    712 ;	lib/stm8s_i2c.c: 730: if ((uint16_t)((uint16_t)I2C_ITPendingBit & REGISTER_Mask) == REGISTER_SR1_Index)
      000305 4F               [ 1]  713 	clr	a
      000306 97               [ 1]  714 	ld	xl, a
      000307 7B 05            [ 1]  715 	ld	a, (0x05, sp)
      000309 A4 30            [ 1]  716 	and	a, #0x30
      00030B 95               [ 1]  717 	ld	xh, a
                                    718 ;	lib/stm8s_i2c.c: 733: if (((I2C->SR1 & (uint8_t)I2C_ITPendingBit) != RESET) && enablestatus)
      00030C 7B 06            [ 1]  719 	ld	a, (0x06, sp)
      00030E 6B 02            [ 1]  720 	ld	(0x02, sp), a
                                    721 ;	lib/stm8s_i2c.c: 730: if ((uint16_t)((uint16_t)I2C_ITPendingBit & REGISTER_Mask) == REGISTER_SR1_Index)
      000310 A3 01 00         [ 2]  722 	cpw	x, #0x0100
      000313 26 14            [ 1]  723 	jrne	00110$
                                    724 ;	lib/stm8s_i2c.c: 733: if (((I2C->SR1 & (uint8_t)I2C_ITPendingBit) != RESET) && enablestatus)
      000315 AE 52 17         [ 2]  725 	ldw	x, #0x5217
      000318 F6               [ 1]  726 	ld	a, (x)
      000319 14 02            [ 1]  727 	and	a, (0x02, sp)
      00031B 4D               [ 1]  728 	tnz	a
      00031C 27 08            [ 1]  729 	jreq	00102$
      00031E 0D 01            [ 1]  730 	tnz	(0x01, sp)
      000320 27 04            [ 1]  731 	jreq	00102$
                                    732 ;	lib/stm8s_i2c.c: 736: bitstatus = SET;
      000322 A6 01            [ 1]  733 	ld	a, #0x01
      000324 20 14            [ 2]  734 	jra	00111$
      000326                        735 00102$:
                                    736 ;	lib/stm8s_i2c.c: 741: bitstatus = RESET;
      000326 4F               [ 1]  737 	clr	a
      000327 20 11            [ 2]  738 	jra	00111$
      000329                        739 00110$:
                                    740 ;	lib/stm8s_i2c.c: 747: if (((I2C->SR2 & (uint8_t)I2C_ITPendingBit) != RESET) && enablestatus)
      000329 AE 52 18         [ 2]  741 	ldw	x, #0x5218
      00032C F6               [ 1]  742 	ld	a, (x)
      00032D 14 02            [ 1]  743 	and	a, (0x02, sp)
      00032F 4D               [ 1]  744 	tnz	a
      000330 27 07            [ 1]  745 	jreq	00106$
      000332 0D 01            [ 1]  746 	tnz	(0x01, sp)
      000334 27 03            [ 1]  747 	jreq	00106$
                                    748 ;	lib/stm8s_i2c.c: 750: bitstatus = SET;
      000336 A6 01            [ 1]  749 	ld	a, #0x01
                                    750 ;	lib/stm8s_i2c.c: 755: bitstatus = RESET;
      000338 21                     751 	.byte 0x21
      000339                        752 00106$:
      000339 4F               [ 1]  753 	clr	a
      00033A                        754 00111$:
                                    755 ;	lib/stm8s_i2c.c: 759: return  bitstatus;
      00033A 85               [ 2]  756 	popw	x
      00033B 81               [ 4]  757 	ret
                                    758 ;	lib/stm8s_i2c.c: 797: void I2C_ClearITPendingBit(I2C_ITPendingBit_TypeDef I2C_ITPendingBit)
                                    759 ;	-----------------------------------------
                                    760 ;	 function I2C_ClearITPendingBit
                                    761 ;	-----------------------------------------
      00033C                        762 _I2C_ClearITPendingBit:
                                    763 ;	lib/stm8s_i2c.c: 802: flagpos = (uint16_t)I2C_ITPendingBit & FLAG_Mask;
      00033C 7B 04            [ 1]  764 	ld	a, (0x04, sp)
      00033E 97               [ 1]  765 	ld	xl, a
      00033F 4F               [ 1]  766 	clr	a
                                    767 ;	lib/stm8s_i2c.c: 805: I2C->SR2 = (uint8_t)((uint16_t)~flagpos);
      000340 95               [ 1]  768 	ld	xh, a
      000341 53               [ 2]  769 	cplw	x
      000342 9F               [ 1]  770 	ld	a, xl
      000343 AE 52 18         [ 2]  771 	ldw	x, #0x5218
      000346 F7               [ 1]  772 	ld	(x), a
      000347 81               [ 4]  773 	ret
                                    774 	.area CODE
                                    775 	.area INITIALIZER
                                    776 	.area CABS (ABS)
